<?xml version="1.0" encoding="UTF-8"?>
<!-- Generated by org.testng.reporters.JUnitReportReporter -->
<testsuite hostname="LAPTOP-MAB5PI77" failures="0" tests="1" name="scripts.AddToCart" time="29.536" errors="0" timestamp="2021-08-24T15:58:24 IST" skipped="0">
  <testcase classname="scripts.AddToCart" name="tc1" time="29.536"/>
  <system-out>
    <![CDATA[SkillRary Courses]]>
  </system-out>
</testsuite> <!-- scripts.AddToCart -->
